<?xml version="1.0" encoding="UTF-8"?>
<testsuite xmlns:xsi="http://www.w3.org/2001/XMLSchema-instance" xsi:noNamespaceSchemaLocation="https://maven.apache.org/surefire/maven-surefire-plugin/xsd/surefire-test-report-3.0.xsd" version="3.0" name="com.xiaoshao.TeacherCommonApplicationTests" time="0.297" tests="1" errors="1" skipped="0" failures="0">
  <properties>
    <property name="java.specification.version" value="17"/>
    <property name="sun.cpu.isalist" value="amd64"/>
    <property name="sun.jnu.encoding" value="GBK"/>
    <property name="java.class.path" value="D:\JavaProject\TeacherAI\teacher-common\target\test-classes;D:\JavaProject\TeacherAI\teacher-common\target\classes;D:\apache-maven-3.9.4\mvn_repo\org\springframework\boot\spring-boot-starter\3.4.4\spring-boot-starter-3.4.4.jar;D:\apache-maven-3.9.4\mvn_repo\org\springframework\boot\spring-boot\3.2.8\spring-boot-3.2.8.jar;D:\apache-maven-3.9.4\mvn_repo\org\springframework\spring-context\6.1.11\spring-context-6.1.11.jar;D:\apache-maven-3.9.4\mvn_repo\org\springframework\spring-aop\6.1.11\spring-aop-6.1.11.jar;D:\apache-maven-3.9.4\mvn_repo\org\springframework\spring-expression\6.1.11\spring-expression-6.1.11.jar;D:\apache-maven-3.9.4\mvn_repo\org\springframework\boot\spring-boot-autoconfigure\3.2.8\spring-boot-autoconfigure-3.2.8.jar;D:\apache-maven-3.9.4\mvn_repo\org\springframework\boot\spring-boot-starter-logging\3.2.8\spring-boot-starter-logging-3.2.8.jar;D:\apache-maven-3.9.4\mvn_repo\ch\qos\logback\logback-classic\1.4.14\logback-classic-1.4.14.jar;D:\apache-maven-3.9.4\mvn_repo\ch\qos\logback\logback-core\1.4.14\logback-core-1.4.14.jar;D:\apache-maven-3.9.4\mvn_repo\org\apache\logging\log4j\log4j-to-slf4j\2.21.1\log4j-to-slf4j-2.21.1.jar;D:\apache-maven-3.9.4\mvn_repo\org\apache\logging\log4j\log4j-api\2.21.1\log4j-api-2.21.1.jar;D:\apache-maven-3.9.4\mvn_repo\org\slf4j\jul-to-slf4j\2.0.13\jul-to-slf4j-2.0.13.jar;D:\apache-maven-3.9.4\mvn_repo\jakarta\annotation\jakarta.annotation-api\2.1.1\jakarta.annotation-api-2.1.1.jar;D:\apache-maven-3.9.4\mvn_repo\org\springframework\spring-core\6.1.11\spring-core-6.1.11.jar;D:\apache-maven-3.9.4\mvn_repo\org\springframework\spring-jcl\6.1.11\spring-jcl-6.1.11.jar;D:\apache-maven-3.9.4\mvn_repo\org\yaml\snakeyaml\2.2\snakeyaml-2.2.jar;D:\apache-maven-3.9.4\mvn_repo\org\projectlombok\lombok\1.18.34\lombok-1.18.34.jar;D:\apache-maven-3.9.4\mvn_repo\org\springframework\boot\spring-boot-starter-test\3.2.8\spring-boot-starter-test-3.2.8.jar;D:\apache-maven-3.9.4\mvn_repo\org\springframework\boot\spring-boot-test\3.2.8\spring-boot-test-3.2.8.jar;D:\apache-maven-3.9.4\mvn_repo\org\springframework\boot\spring-boot-test-autoconfigure\3.2.8\spring-boot-test-autoconfigure-3.2.8.jar;D:\apache-maven-3.9.4\mvn_repo\com\jayway\jsonpath\json-path\2.9.0\json-path-2.9.0.jar;D:\apache-maven-3.9.4\mvn_repo\org\slf4j\slf4j-api\2.0.13\slf4j-api-2.0.13.jar;D:\apache-maven-3.9.4\mvn_repo\jakarta\xml\bind\jakarta.xml.bind-api\4.0.2\jakarta.xml.bind-api-4.0.2.jar;D:\apache-maven-3.9.4\mvn_repo\jakarta\activation\jakarta.activation-api\2.1.3\jakarta.activation-api-2.1.3.jar;D:\apache-maven-3.9.4\mvn_repo\net\minidev\json-smart\2.5.1\json-smart-2.5.1.jar;D:\apache-maven-3.9.4\mvn_repo\net\minidev\accessors-smart\2.5.1\accessors-smart-2.5.1.jar;D:\apache-maven-3.9.4\mvn_repo\org\ow2\asm\asm\9.6\asm-9.6.jar;D:\apache-maven-3.9.4\mvn_repo\org\assertj\assertj-core\3.24.2\assertj-core-3.24.2.jar;D:\apache-maven-3.9.4\mvn_repo\net\bytebuddy\byte-buddy\1.14.18\byte-buddy-1.14.18.jar;D:\apache-maven-3.9.4\mvn_repo\org\awaitility\awaitility\4.2.1\awaitility-4.2.1.jar;D:\apache-maven-3.9.4\mvn_repo\org\hamcrest\hamcrest\2.2\hamcrest-2.2.jar;D:\apache-maven-3.9.4\mvn_repo\org\junit\jupiter\junit-jupiter\5.10.3\junit-jupiter-5.10.3.jar;D:\apache-maven-3.9.4\mvn_repo\org\junit\jupiter\junit-jupiter-api\5.10.3\junit-jupiter-api-5.10.3.jar;D:\apache-maven-3.9.4\mvn_repo\org\opentest4j\opentest4j\1.3.0\opentest4j-1.3.0.jar;D:\apache-maven-3.9.4\mvn_repo\org\junit\platform\junit-platform-commons\1.10.3\junit-platform-commons-1.10.3.jar;D:\apache-maven-3.9.4\mvn_repo\org\apiguardian\apiguardian-api\1.1.2\apiguardian-api-1.1.2.jar;D:\apache-maven-3.9.4\mvn_repo\org\junit\jupiter\junit-jupiter-params\5.10.3\junit-jupiter-params-5.10.3.jar;D:\apache-maven-3.9.4\mvn_repo\org\junit\jupiter\junit-jupiter-engine\5.10.3\junit-jupiter-engine-5.10.3.jar;D:\apache-maven-3.9.4\mvn_repo\org\junit\platform\junit-platform-engine\1.10.3\junit-platform-engine-1.10.3.jar;D:\apache-maven-3.9.4\mvn_repo\org\mockito\mockito-core\5.7.0\mockito-core-5.7.0.jar;D:\apache-maven-3.9.4\mvn_repo\net\bytebuddy\byte-buddy-agent\1.14.18\byte-buddy-agent-1.14.18.jar;D:\apache-maven-3.9.4\mvn_repo\org\objenesis\objenesis\3.3\objenesis-3.3.jar;D:\apache-maven-3.9.4\mvn_repo\org\mockito\mockito-junit-jupiter\5.7.0\mockito-junit-jupiter-5.7.0.jar;D:\apache-maven-3.9.4\mvn_repo\org\skyscreamer\jsonassert\1.5.3\jsonassert-1.5.3.jar;D:\apache-maven-3.9.4\mvn_repo\com\vaadin\external\google\android-json\0.0.20131108.vaadin1\android-json-0.0.20131108.vaadin1.jar;D:\apache-maven-3.9.4\mvn_repo\org\springframework\spring-test\6.1.11\spring-test-6.1.11.jar;D:\apache-maven-3.9.4\mvn_repo\org\xmlunit\xmlunit-core\2.9.1\xmlunit-core-2.9.1.jar;D:\apache-maven-3.9.4\mvn_repo\com\aliyun\oss\aliyun-sdk-oss\3.17.4\aliyun-sdk-oss-3.17.4.jar;D:\apache-maven-3.9.4\mvn_repo\org\apache\httpcomponents\httpclient\4.5.13\httpclient-4.5.13.jar;D:\apache-maven-3.9.4\mvn_repo\org\apache\httpcomponents\httpcore\4.4.16\httpcore-4.4.16.jar;D:\apache-maven-3.9.4\mvn_repo\commons-logging\commons-logging\1.2\commons-logging-1.2.jar;D:\apache-maven-3.9.4\mvn_repo\commons-codec\commons-codec\1.16.1\commons-codec-1.16.1.jar;D:\apache-maven-3.9.4\mvn_repo\org\jdom\jdom2\2.0.6.1\jdom2-2.0.6.1.jar;D:\apache-maven-3.9.4\mvn_repo\org\codehaus\jettison\jettison\1.5.4\jettison-1.5.4.jar;D:\apache-maven-3.9.4\mvn_repo\com\aliyun\aliyun-java-sdk-core\4.5.10\aliyun-java-sdk-core-4.5.10.jar;D:\apache-maven-3.9.4\mvn_repo\com\google\code\gson\gson\2.10.1\gson-2.10.1.jar;D:\apache-maven-3.9.4\mvn_repo\org\jacoco\org.jacoco.agent\0.8.5\org.jacoco.agent-0.8.5-runtime.jar;D:\apache-maven-3.9.4\mvn_repo\org\ini4j\ini4j\0.5.4\ini4j-0.5.4.jar;D:\apache-maven-3.9.4\mvn_repo\io\opentracing\opentracing-api\0.33.0\opentracing-api-0.33.0.jar;D:\apache-maven-3.9.4\mvn_repo\io\opentracing\opentracing-util\0.33.0\opentracing-util-0.33.0.jar;D:\apache-maven-3.9.4\mvn_repo\io\opentracing\opentracing-noop\0.33.0\opentracing-noop-0.33.0.jar;D:\apache-maven-3.9.4\mvn_repo\com\aliyun\aliyun-java-sdk-ram\3.1.0\aliyun-java-sdk-ram-3.1.0.jar;D:\apache-maven-3.9.4\mvn_repo\com\aliyun\aliyun-java-sdk-kms\2.11.0\aliyun-java-sdk-kms-2.11.0.jar;D:\apache-maven-3.9.4\mvn_repo\com\alibaba\fastjson\1.2.76\fastjson-1.2.76.jar;D:\apache-maven-3.9.4\mvn_repo\javax\xml\bind\jaxb-api\2.3.1\jaxb-api-2.3.1.jar;D:\apache-maven-3.9.4\mvn_repo\javax\activation\javax.activation-api\1.2.0\javax.activation-api-1.2.0.jar;D:\apache-maven-3.9.4\mvn_repo\org\springframework\boot\spring-boot-starter-json\3.2.8\spring-boot-starter-json-3.2.8.jar;D:\apache-maven-3.9.4\mvn_repo\org\springframework\spring-web\6.1.11\spring-web-6.1.11.jar;D:\apache-maven-3.9.4\mvn_repo\org\springframework\spring-beans\6.1.11\spring-beans-6.1.11.jar;D:\apache-maven-3.9.4\mvn_repo\io\micrometer\micrometer-observation\1.12.8\micrometer-observation-1.12.8.jar;D:\apache-maven-3.9.4\mvn_repo\io\micrometer\micrometer-commons\1.12.8\micrometer-commons-1.12.8.jar;D:\apache-maven-3.9.4\mvn_repo\com\fasterxml\jackson\core\jackson-databind\2.15.4\jackson-databind-2.15.4.jar;D:\apache-maven-3.9.4\mvn_repo\com\fasterxml\jackson\core\jackson-annotations\2.15.4\jackson-annotations-2.15.4.jar;D:\apache-maven-3.9.4\mvn_repo\com\fasterxml\jackson\core\jackson-core\2.15.4\jackson-core-2.15.4.jar;D:\apache-maven-3.9.4\mvn_repo\com\fasterxml\jackson\datatype\jackson-datatype-jdk8\2.15.4\jackson-datatype-jdk8-2.15.4.jar;D:\apache-maven-3.9.4\mvn_repo\com\fasterxml\jackson\datatype\jackson-datatype-jsr310\2.15.4\jackson-datatype-jsr310-2.15.4.jar;D:\apache-maven-3.9.4\mvn_repo\com\fasterxml\jackson\module\jackson-module-parameter-names\2.15.4\jackson-module-parameter-names-2.15.4.jar;D:\apache-maven-3.9.4\mvn_repo\io\jsonwebtoken\jjwt\0.9.1\jjwt-0.9.1.jar;D:\apache-maven-3.9.4\mvn_repo\com\baomidou\mybatis-plus-spring-boot3-starter\3.5.7\mybatis-plus-spring-boot3-starter-3.5.7.jar;D:\apache-maven-3.9.4\mvn_repo\com\baomidou\mybatis-plus\3.5.7\mybatis-plus-3.5.7.jar;D:\apache-maven-3.9.4\mvn_repo\com\baomidou\mybatis-plus-core\3.5.7\mybatis-plus-core-3.5.7.jar;D:\apache-maven-3.9.4\mvn_repo\com\baomidou\mybatis-plus-annotation\3.5.7\mybatis-plus-annotation-3.5.7.jar;D:\apache-maven-3.9.4\mvn_repo\com\baomidou\mybatis-plus-extension\3.5.7\mybatis-plus-extension-3.5.7.jar;D:\apache-maven-3.9.4\mvn_repo\org\mybatis\mybatis\3.5.16\mybatis-3.5.16.jar;D:\apache-maven-3.9.4\mvn_repo\com\github\jsqlparser\jsqlparser\4.9\jsqlparser-4.9.jar;D:\apache-maven-3.9.4\mvn_repo\org\mybatis\mybatis-spring\3.0.3\mybatis-spring-3.0.3.jar;D:\apache-maven-3.9.4\mvn_repo\com\baomidou\mybatis-plus-spring-boot-autoconfigure\3.5.7\mybatis-plus-spring-boot-autoconfigure-3.5.7.jar;D:\apache-maven-3.9.4\mvn_repo\org\springframework\boot\spring-boot-starter-jdbc\3.2.8\spring-boot-starter-jdbc-3.2.8.jar;D:\apache-maven-3.9.4\mvn_repo\com\zaxxer\HikariCP\5.0.1\HikariCP-5.0.1.jar;D:\apache-maven-3.9.4\mvn_repo\org\springframework\spring-jdbc\6.1.11\spring-jdbc-6.1.11.jar;D:\apache-maven-3.9.4\mvn_repo\org\springframework\spring-tx\6.1.11\spring-tx-6.1.11.jar;D:\apache-maven-3.9.4\mvn_repo\com\github\xiaoymin\knife4j-openapi3-jakarta-spring-boot-starter\4.5.0\knife4j-openapi3-jakarta-spring-boot-starter-4.5.0.jar;D:\apache-maven-3.9.4\mvn_repo\com\github\xiaoymin\knife4j-core\4.5.0\knife4j-core-4.5.0.jar;D:\apache-maven-3.9.4\mvn_repo\com\github\xiaoymin\knife4j-openapi3-ui\4.5.0\knife4j-openapi3-ui-4.5.0.jar;D:\apache-maven-3.9.4\mvn_repo\org\springdoc\springdoc-openapi-starter-webmvc-ui\2.3.0\springdoc-openapi-starter-webmvc-ui-2.3.0.jar;D:\apache-maven-3.9.4\mvn_repo\org\springdoc\springdoc-openapi-starter-webmvc-api\2.3.0\springdoc-openapi-starter-webmvc-api-2.3.0.jar;D:\apache-maven-3.9.4\mvn_repo\org\springdoc\springdoc-openapi-starter-common\2.3.0\springdoc-openapi-starter-common-2.3.0.jar;D:\apache-maven-3.9.4\mvn_repo\io\swagger\core\v3\swagger-core-jakarta\2.2.19\swagger-core-jakarta-2.2.19.jar;D:\apache-maven-3.9.4\mvn_repo\org\apache\commons\commons-lang3\3.13.0\commons-lang3-3.13.0.jar;D:\apache-maven-3.9.4\mvn_repo\io\swagger\core\v3\swagger-annotations-jakarta\2.2.19\swagger-annotations-jakarta-2.2.19.jar;D:\apache-maven-3.9.4\mvn_repo\io\swagger\core\v3\swagger-models-jakarta\2.2.19\swagger-models-jakarta-2.2.19.jar;D:\apache-maven-3.9.4\mvn_repo\jakarta\validation\jakarta.validation-api\3.0.2\jakarta.validation-api-3.0.2.jar;D:\apache-maven-3.9.4\mvn_repo\com\fasterxml\jackson\dataformat\jackson-dataformat-yaml\2.15.4\jackson-dataformat-yaml-2.15.4.jar;D:\apache-maven-3.9.4\mvn_repo\org\springframework\spring-webmvc\6.1.11\spring-webmvc-6.1.11.jar;D:\apache-maven-3.9.4\mvn_repo\org\webjars\swagger-ui\5.10.3\swagger-ui-5.10.3.jar;"/>
    <property name="java.vm.vendor" value="Oracle Corporation"/>
    <property name="sun.arch.data.model" value="64"/>
    <property name="user.variant" value=""/>
    <property name="java.vendor.url" value="https://java.oracle.com/"/>
    <property name="user.timezone" value="Asia/Shanghai"/>
    <property name="os.name" value="Windows 10"/>
    <property name="java.vm.specification.version" value="17"/>
    <property name="sun.java.launcher" value="SUN_STANDARD"/>
    <property name="user.country" value="CN"/>
    <property name="sun.boot.library.path" value="D:\Tool\JDK17\bin"/>
    <property name="sun.java.command" value="C:\Users\19516\AppData\Local\Temp\surefire8780104295184341662\surefirebooter-20250530151251933_3.jar C:\Users\19516\AppData\Local\Temp\surefire8780104295184341662 2025-05-30T15-12-47_913-jvmRun1 surefire-20250530151251933_1tmp surefire_0-20250530151251933_2tmp"/>
    <property name="jdk.debug" value="release"/>
    <property name="surefire.test.class.path" value="D:\JavaProject\TeacherAI\teacher-common\target\test-classes;D:\JavaProject\TeacherAI\teacher-common\target\classes;D:\apache-maven-3.9.4\mvn_repo\org\springframework\boot\spring-boot-starter\3.4.4\spring-boot-starter-3.4.4.jar;D:\apache-maven-3.9.4\mvn_repo\org\springframework\boot\spring-boot\3.2.8\spring-boot-3.2.8.jar;D:\apache-maven-3.9.4\mvn_repo\org\springframework\spring-context\6.1.11\spring-context-6.1.11.jar;D:\apache-maven-3.9.4\mvn_repo\org\springframework\spring-aop\6.1.11\spring-aop-6.1.11.jar;D:\apache-maven-3.9.4\mvn_repo\org\springframework\spring-expression\6.1.11\spring-expression-6.1.11.jar;D:\apache-maven-3.9.4\mvn_repo\org\springframework\boot\spring-boot-autoconfigure\3.2.8\spring-boot-autoconfigure-3.2.8.jar;D:\apache-maven-3.9.4\mvn_repo\org\springframework\boot\spring-boot-starter-logging\3.2.8\spring-boot-starter-logging-3.2.8.jar;D:\apache-maven-3.9.4\mvn_repo\ch\qos\logback\logback-classic\1.4.14\logback-classic-1.4.14.jar;D:\apache-maven-3.9.4\mvn_repo\ch\qos\logback\logback-core\1.4.14\logback-core-1.4.14.jar;D:\apache-maven-3.9.4\mvn_repo\org\apache\logging\log4j\log4j-to-slf4j\2.21.1\log4j-to-slf4j-2.21.1.jar;D:\apache-maven-3.9.4\mvn_repo\org\apache\logging\log4j\log4j-api\2.21.1\log4j-api-2.21.1.jar;D:\apache-maven-3.9.4\mvn_repo\org\slf4j\jul-to-slf4j\2.0.13\jul-to-slf4j-2.0.13.jar;D:\apache-maven-3.9.4\mvn_repo\jakarta\annotation\jakarta.annotation-api\2.1.1\jakarta.annotation-api-2.1.1.jar;D:\apache-maven-3.9.4\mvn_repo\org\springframework\spring-core\6.1.11\spring-core-6.1.11.jar;D:\apache-maven-3.9.4\mvn_repo\org\springframework\spring-jcl\6.1.11\spring-jcl-6.1.11.jar;D:\apache-maven-3.9.4\mvn_repo\org\yaml\snakeyaml\2.2\snakeyaml-2.2.jar;D:\apache-maven-3.9.4\mvn_repo\org\projectlombok\lombok\1.18.34\lombok-1.18.34.jar;D:\apache-maven-3.9.4\mvn_repo\org\springframework\boot\spring-boot-starter-test\3.2.8\spring-boot-starter-test-3.2.8.jar;D:\apache-maven-3.9.4\mvn_repo\org\springframework\boot\spring-boot-test\3.2.8\spring-boot-test-3.2.8.jar;D:\apache-maven-3.9.4\mvn_repo\org\springframework\boot\spring-boot-test-autoconfigure\3.2.8\spring-boot-test-autoconfigure-3.2.8.jar;D:\apache-maven-3.9.4\mvn_repo\com\jayway\jsonpath\json-path\2.9.0\json-path-2.9.0.jar;D:\apache-maven-3.9.4\mvn_repo\org\slf4j\slf4j-api\2.0.13\slf4j-api-2.0.13.jar;D:\apache-maven-3.9.4\mvn_repo\jakarta\xml\bind\jakarta.xml.bind-api\4.0.2\jakarta.xml.bind-api-4.0.2.jar;D:\apache-maven-3.9.4\mvn_repo\jakarta\activation\jakarta.activation-api\2.1.3\jakarta.activation-api-2.1.3.jar;D:\apache-maven-3.9.4\mvn_repo\net\minidev\json-smart\2.5.1\json-smart-2.5.1.jar;D:\apache-maven-3.9.4\mvn_repo\net\minidev\accessors-smart\2.5.1\accessors-smart-2.5.1.jar;D:\apache-maven-3.9.4\mvn_repo\org\ow2\asm\asm\9.6\asm-9.6.jar;D:\apache-maven-3.9.4\mvn_repo\org\assertj\assertj-core\3.24.2\assertj-core-3.24.2.jar;D:\apache-maven-3.9.4\mvn_repo\net\bytebuddy\byte-buddy\1.14.18\byte-buddy-1.14.18.jar;D:\apache-maven-3.9.4\mvn_repo\org\awaitility\awaitility\4.2.1\awaitility-4.2.1.jar;D:\apache-maven-3.9.4\mvn_repo\org\hamcrest\hamcrest\2.2\hamcrest-2.2.jar;D:\apache-maven-3.9.4\mvn_repo\org\junit\jupiter\junit-jupiter\5.10.3\junit-jupiter-5.10.3.jar;D:\apache-maven-3.9.4\mvn_repo\org\junit\jupiter\junit-jupiter-api\5.10.3\junit-jupiter-api-5.10.3.jar;D:\apache-maven-3.9.4\mvn_repo\org\opentest4j\opentest4j\1.3.0\opentest4j-1.3.0.jar;D:\apache-maven-3.9.4\mvn_repo\org\junit\platform\junit-platform-commons\1.10.3\junit-platform-commons-1.10.3.jar;D:\apache-maven-3.9.4\mvn_repo\org\apiguardian\apiguardian-api\1.1.2\apiguardian-api-1.1.2.jar;D:\apache-maven-3.9.4\mvn_repo\org\junit\jupiter\junit-jupiter-params\5.10.3\junit-jupiter-params-5.10.3.jar;D:\apache-maven-3.9.4\mvn_repo\org\junit\jupiter\junit-jupiter-engine\5.10.3\junit-jupiter-engine-5.10.3.jar;D:\apache-maven-3.9.4\mvn_repo\org\junit\platform\junit-platform-engine\1.10.3\junit-platform-engine-1.10.3.jar;D:\apache-maven-3.9.4\mvn_repo\org\mockito\mockito-core\5.7.0\mockito-core-5.7.0.jar;D:\apache-maven-3.9.4\mvn_repo\net\bytebuddy\byte-buddy-agent\1.14.18\byte-buddy-agent-1.14.18.jar;D:\apache-maven-3.9.4\mvn_repo\org\objenesis\objenesis\3.3\objenesis-3.3.jar;D:\apache-maven-3.9.4\mvn_repo\org\mockito\mockito-junit-jupiter\5.7.0\mockito-junit-jupiter-5.7.0.jar;D:\apache-maven-3.9.4\mvn_repo\org\skyscreamer\jsonassert\1.5.3\jsonassert-1.5.3.jar;D:\apache-maven-3.9.4\mvn_repo\com\vaadin\external\google\android-json\0.0.20131108.vaadin1\android-json-0.0.20131108.vaadin1.jar;D:\apache-maven-3.9.4\mvn_repo\org\springframework\spring-test\6.1.11\spring-test-6.1.11.jar;D:\apache-maven-3.9.4\mvn_repo\org\xmlunit\xmlunit-core\2.9.1\xmlunit-core-2.9.1.jar;D:\apache-maven-3.9.4\mvn_repo\com\aliyun\oss\aliyun-sdk-oss\3.17.4\aliyun-sdk-oss-3.17.4.jar;D:\apache-maven-3.9.4\mvn_repo\org\apache\httpcomponents\httpclient\4.5.13\httpclient-4.5.13.jar;D:\apache-maven-3.9.4\mvn_repo\org\apache\httpcomponents\httpcore\4.4.16\httpcore-4.4.16.jar;D:\apache-maven-3.9.4\mvn_repo\commons-logging\commons-logging\1.2\commons-logging-1.2.jar;D:\apache-maven-3.9.4\mvn_repo\commons-codec\commons-codec\1.16.1\commons-codec-1.16.1.jar;D:\apache-maven-3.9.4\mvn_repo\org\jdom\jdom2\2.0.6.1\jdom2-2.0.6.1.jar;D:\apache-maven-3.9.4\mvn_repo\org\codehaus\jettison\jettison\1.5.4\jettison-1.5.4.jar;D:\apache-maven-3.9.4\mvn_repo\com\aliyun\aliyun-java-sdk-core\4.5.10\aliyun-java-sdk-core-4.5.10.jar;D:\apache-maven-3.9.4\mvn_repo\com\google\code\gson\gson\2.10.1\gson-2.10.1.jar;D:\apache-maven-3.9.4\mvn_repo\org\jacoco\org.jacoco.agent\0.8.5\org.jacoco.agent-0.8.5-runtime.jar;D:\apache-maven-3.9.4\mvn_repo\org\ini4j\ini4j\0.5.4\ini4j-0.5.4.jar;D:\apache-maven-3.9.4\mvn_repo\io\opentracing\opentracing-api\0.33.0\opentracing-api-0.33.0.jar;D:\apache-maven-3.9.4\mvn_repo\io\opentracing\opentracing-util\0.33.0\opentracing-util-0.33.0.jar;D:\apache-maven-3.9.4\mvn_repo\io\opentracing\opentracing-noop\0.33.0\opentracing-noop-0.33.0.jar;D:\apache-maven-3.9.4\mvn_repo\com\aliyun\aliyun-java-sdk-ram\3.1.0\aliyun-java-sdk-ram-3.1.0.jar;D:\apache-maven-3.9.4\mvn_repo\com\aliyun\aliyun-java-sdk-kms\2.11.0\aliyun-java-sdk-kms-2.11.0.jar;D:\apache-maven-3.9.4\mvn_repo\com\alibaba\fastjson\1.2.76\fastjson-1.2.76.jar;D:\apache-maven-3.9.4\mvn_repo\javax\xml\bind\jaxb-api\2.3.1\jaxb-api-2.3.1.jar;D:\apache-maven-3.9.4\mvn_repo\javax\activation\javax.activation-api\1.2.0\javax.activation-api-1.2.0.jar;D:\apache-maven-3.9.4\mvn_repo\org\springframework\boot\spring-boot-starter-json\3.2.8\spring-boot-starter-json-3.2.8.jar;D:\apache-maven-3.9.4\mvn_repo\org\springframework\spring-web\6.1.11\spring-web-6.1.11.jar;D:\apache-maven-3.9.4\mvn_repo\org\springframework\spring-beans\6.1.11\spring-beans-6.1.11.jar;D:\apache-maven-3.9.4\mvn_repo\io\micrometer\micrometer-observation\1.12.8\micrometer-observation-1.12.8.jar;D:\apache-maven-3.9.4\mvn_repo\io\micrometer\micrometer-commons\1.12.8\micrometer-commons-1.12.8.jar;D:\apache-maven-3.9.4\mvn_repo\com\fasterxml\jackson\core\jackson-databind\2.15.4\jackson-databind-2.15.4.jar;D:\apache-maven-3.9.4\mvn_repo\com\fasterxml\jackson\core\jackson-annotations\2.15.4\jackson-annotations-2.15.4.jar;D:\apache-maven-3.9.4\mvn_repo\com\fasterxml\jackson\core\jackson-core\2.15.4\jackson-core-2.15.4.jar;D:\apache-maven-3.9.4\mvn_repo\com\fasterxml\jackson\datatype\jackson-datatype-jdk8\2.15.4\jackson-datatype-jdk8-2.15.4.jar;D:\apache-maven-3.9.4\mvn_repo\com\fasterxml\jackson\datatype\jackson-datatype-jsr310\2.15.4\jackson-datatype-jsr310-2.15.4.jar;D:\apache-maven-3.9.4\mvn_repo\com\fasterxml\jackson\module\jackson-module-parameter-names\2.15.4\jackson-module-parameter-names-2.15.4.jar;D:\apache-maven-3.9.4\mvn_repo\io\jsonwebtoken\jjwt\0.9.1\jjwt-0.9.1.jar;D:\apache-maven-3.9.4\mvn_repo\com\baomidou\mybatis-plus-spring-boot3-starter\3.5.7\mybatis-plus-spring-boot3-starter-3.5.7.jar;D:\apache-maven-3.9.4\mvn_repo\com\baomidou\mybatis-plus\3.5.7\mybatis-plus-3.5.7.jar;D:\apache-maven-3.9.4\mvn_repo\com\baomidou\mybatis-plus-core\3.5.7\mybatis-plus-core-3.5.7.jar;D:\apache-maven-3.9.4\mvn_repo\com\baomidou\mybatis-plus-annotation\3.5.7\mybatis-plus-annotation-3.5.7.jar;D:\apache-maven-3.9.4\mvn_repo\com\baomidou\mybatis-plus-extension\3.5.7\mybatis-plus-extension-3.5.7.jar;D:\apache-maven-3.9.4\mvn_repo\org\mybatis\mybatis\3.5.16\mybatis-3.5.16.jar;D:\apache-maven-3.9.4\mvn_repo\com\github\jsqlparser\jsqlparser\4.9\jsqlparser-4.9.jar;D:\apache-maven-3.9.4\mvn_repo\org\mybatis\mybatis-spring\3.0.3\mybatis-spring-3.0.3.jar;D:\apache-maven-3.9.4\mvn_repo\com\baomidou\mybatis-plus-spring-boot-autoconfigure\3.5.7\mybatis-plus-spring-boot-autoconfigure-3.5.7.jar;D:\apache-maven-3.9.4\mvn_repo\org\springframework\boot\spring-boot-starter-jdbc\3.2.8\spring-boot-starter-jdbc-3.2.8.jar;D:\apache-maven-3.9.4\mvn_repo\com\zaxxer\HikariCP\5.0.1\HikariCP-5.0.1.jar;D:\apache-maven-3.9.4\mvn_repo\org\springframework\spring-jdbc\6.1.11\spring-jdbc-6.1.11.jar;D:\apache-maven-3.9.4\mvn_repo\org\springframework\spring-tx\6.1.11\spring-tx-6.1.11.jar;D:\apache-maven-3.9.4\mvn_repo\com\github\xiaoymin\knife4j-openapi3-jakarta-spring-boot-starter\4.5.0\knife4j-openapi3-jakarta-spring-boot-starter-4.5.0.jar;D:\apache-maven-3.9.4\mvn_repo\com\github\xiaoymin\knife4j-core\4.5.0\knife4j-core-4.5.0.jar;D:\apache-maven-3.9.4\mvn_repo\com\github\xiaoymin\knife4j-openapi3-ui\4.5.0\knife4j-openapi3-ui-4.5.0.jar;D:\apache-maven-3.9.4\mvn_repo\org\springdoc\springdoc-openapi-starter-webmvc-ui\2.3.0\springdoc-openapi-starter-webmvc-ui-2.3.0.jar;D:\apache-maven-3.9.4\mvn_repo\org\springdoc\springdoc-openapi-starter-webmvc-api\2.3.0\springdoc-openapi-starter-webmvc-api-2.3.0.jar;D:\apache-maven-3.9.4\mvn_repo\org\springdoc\springdoc-openapi-starter-common\2.3.0\springdoc-openapi-starter-common-2.3.0.jar;D:\apache-maven-3.9.4\mvn_repo\io\swagger\core\v3\swagger-core-jakarta\2.2.19\swagger-core-jakarta-2.2.19.jar;D:\apache-maven-3.9.4\mvn_repo\org\apache\commons\commons-lang3\3.13.0\commons-lang3-3.13.0.jar;D:\apache-maven-3.9.4\mvn_repo\io\swagger\core\v3\swagger-annotations-jakarta\2.2.19\swagger-annotations-jakarta-2.2.19.jar;D:\apache-maven-3.9.4\mvn_repo\io\swagger\core\v3\swagger-models-jakarta\2.2.19\swagger-models-jakarta-2.2.19.jar;D:\apache-maven-3.9.4\mvn_repo\jakarta\validation\jakarta.validation-api\3.0.2\jakarta.validation-api-3.0.2.jar;D:\apache-maven-3.9.4\mvn_repo\com\fasterxml\jackson\dataformat\jackson-dataformat-yaml\2.15.4\jackson-dataformat-yaml-2.15.4.jar;D:\apache-maven-3.9.4\mvn_repo\org\springframework\spring-webmvc\6.1.11\spring-webmvc-6.1.11.jar;D:\apache-maven-3.9.4\mvn_repo\org\webjars\swagger-ui\5.10.3\swagger-ui-5.10.3.jar;"/>
    <property name="sun.cpu.endian" value="little"/>
    <property name="user.home" value="C:\Users\19516"/>
    <property name="user.language" value="zh"/>
    <property name="java.specification.vendor" value="Oracle Corporation"/>
    <property name="java.version.date" value="2021-10-19"/>
    <property name="java.home" value="D:\Tool\JDK17"/>
    <property name="file.separator" value="\"/>
    <property name="basedir" value="D:\JavaProject\TeacherAI\teacher-common"/>
    <property name="java.vm.compressedOopsMode" value="Zero based"/>
    <property name="line.separator" value="&#10;"/>
    <property name="java.vm.specification.vendor" value="Oracle Corporation"/>
    <property name="java.specification.name" value="Java Platform API Specification"/>
    <property name="surefire.real.class.path" value="C:\Users\19516\AppData\Local\Temp\surefire8780104295184341662\surefirebooter-20250530151251933_3.jar"/>
    <property name="user.script" value=""/>
    <property name="sun.management.compiler" value="HotSpot 64-Bit Tiered Compilers"/>
    <property name="java.runtime.version" value="17.0.1+12-LTS-39"/>
    <property name="user.name" value="19516"/>
    <property name="path.separator" value=";"/>
    <property name="os.version" value="10.0"/>
    <property name="java.runtime.name" value="Java(TM) SE Runtime Environment"/>
    <property name="file.encoding" value="GBK"/>
    <property name="java.vm.name" value="Java HotSpot(TM) 64-Bit Server VM"/>
    <property name="localRepository" value="D:\apache-maven-3.9.4\mvn_repo"/>
    <property name="java.vendor.url.bug" value="https://bugreport.java.com/bugreport/"/>
    <property name="java.io.tmpdir" value="C:\Users\19516\AppData\Local\Temp\"/>
    <property name="idea.version" value="2024.3.4.1"/>
    <property name="java.version" value="17.0.1"/>
    <property name="user.dir" value="D:\JavaProject\TeacherAI\teacher-common"/>
    <property name="os.arch" value="amd64"/>
    <property name="java.vm.specification.name" value="Java Virtual Machine Specification"/>
    <property name="sun.os.patch.level" value=""/>
    <property name="native.encoding" value="GBK"/>
    <property name="java.library.path" value="D:\Tool\JDK17\bin;C:\Windows\Sun\Java\bin;C:\Windows\system32;C:\Windows;c:\Users\19516\AppData\Local\Programs\cursor\resources\app\bin;C:\Tools\VMware\bin\;C:\Program Files\Common Files\Oracle\Java\javapath;C:\Windows\system32;C:\Windows;C:\Windows\System32\Wbem;C:\Windows\System32\WindowsPowerShell\v1.0\;C:\Windows\System32\OpenSSH\;D:\Tool\JDK17\bin;D:\apache-maven-3.9.4\bin;D:\Tool\mysql-8.0.34-winx64\bin;D:\nodeJs\;D:\nodeJs\node_modules\npm\bin;D:\nginx-1.22.1;C:\Tools\Git\cmd;C:\Tools\Git\bin;C:\Tools\wechatTool\dll;C:\Users\19516\AppData\Local\Microsoft\WindowsApps;D:\Tool\IntelliJ IDEA Community Edition 2023.3.8\bin;D:\Tool\IntelliJ IDEA 2024.3.4.1\bin;D:\Tool\DataGrip\bin;c:\Users\19516\AppData\Local\Programs\cursor\resources\app\bin;c:\Users\19516\AppData\Local\Programs\cursor\resources\app\bin;C:\Users\19516\AppData\Roaming\npm;C:\Users\19516\AppData\Local\Microsoft\WindowsApps;D:\Tool\Microsoft VS Code\bin;D:\Tool\IntelliJ IDEA Community Edition 2023.3.8\bin;;D:\Tool\IntelliJ IDEA 2024.3.4.1\bin;;D:\Tool\DataGrip\bin;;C:\Users\19516\AppData\Roaming\npm;C:\Users\19516\AppData\Local\Programs\cursor\resources\app\bin;."/>
    <property name="java.vm.info" value="mixed mode, sharing"/>
    <property name="java.vendor" value="Oracle Corporation"/>
    <property name="java.vm.version" value="17.0.1+12-LTS-39"/>
    <property name="sun.io.unicode.encoding" value="UnicodeLittle"/>
    <property name="maven.repo.local" value="D:\apache-maven-3.9.4\mvn_repo"/>
    <property name="java.class.version" value="61.0"/>
  </properties>
  <testcase name="" classname="com.xiaoshao.TeacherCommonApplicationTests" time="0.297">
    <error message="Unable to find a @SpringBootConfiguration, you need to use @ContextConfiguration or @SpringBootTest(classes=...) with your test" type="java.lang.IllegalStateException"><![CDATA[java.lang.IllegalStateException: Unable to find a @SpringBootConfiguration, you need to use @ContextConfiguration or @SpringBootTest(classes=...) with your test
	at org.springframework.util.Assert.state(Assert.java:76)
	at org.springframework.boot.test.context.SpringBootTestContextBootstrapper.findConfigurationClass(SpringBootTestContextBootstrapper.java:246)
	at org.springframework.boot.test.context.SpringBootTestContextBootstrapper.getOrFindConfigurationClasses(SpringBootTestContextBootstrapper.java:233)
	at org.springframework.boot.test.context.SpringBootTestContextBootstrapper.processMergedContextConfiguration(SpringBootTestContextBootstrapper.java:150)
	at org.springframework.test.context.support.AbstractTestContextBootstrapper.buildMergedContextConfiguration(AbstractTestContextBootstrapper.java:351)
	at org.springframework.test.context.support.AbstractTestContextBootstrapper.buildDefaultMergedContextConfiguration(AbstractTestContextBootstrapper.java:267)
	at org.springframework.test.context.support.AbstractTestContextBootstrapper.buildMergedContextConfiguration(AbstractTestContextBootstrapper.java:215)
	at org.springframework.test.context.support.AbstractTestContextBootstrapper.buildTestContext(AbstractTestContextBootstrapper.java:108)
	at org.springframework.boot.test.context.SpringBootTestContextBootstrapper.buildTestContext(SpringBootTestContextBootstrapper.java:111)
	at org.springframework.test.context.TestContextManager.<init>(TestContextManager.java:142)
	at org.springframework.test.context.TestContextManager.<init>(TestContextManager.java:126)
	at org.springframework.test.context.junit.jupiter.SpringExtension.getTestContextManager(SpringExtension.java:366)
	at org.springframework.test.context.junit.jupiter.SpringExtension.beforeAll(SpringExtension.java:131)
	at java.base/java.util.ArrayList.forEach(ArrayList.java:1511)
]]></error>
    <system-out><![CDATA[15:12:52.742 [main] INFO org.springframework.test.context.support.AnnotationConfigContextLoaderUtils -- Could not detect default configuration classes for test class [com.xiaoshao.TeacherCommonApplicationTests]: TeacherCommonApplicationTests does not declare any static, non-private, non-final, nested classes annotated with @Configuration.
]]></system-out>
  </testcase>
</testsuite>